[2026-06-11 20:57:44] INFO     ==================================================
[2026-06-11 20:57:44] INFO     Liar's Deck Server started on 0.0.0.0:12345
[2026-06-11 20:57:44] INFO     ==================================================
[2026-06-11 20:59:09] INFO     ACCEPT   addr=127.0.0.1:61057
[2026-06-11 20:59:09] INFO     CONNECT  player=21f5ec35ce07 user=VERY addr=127.0.0.1:61057
[2026-06-11 20:59:09] INFO     LOBBY    player=21f5ec35ce07 joined queue
[2026-06-11 20:59:16] INFO     ACCEPT   addr=127.0.0.1:61065
[2026-06-11 20:59:16] INFO     CONNECT  player=dcf175f520f6 user=ALDI addr=127.0.0.1:61065
[2026-06-11 20:59:16] INFO     LOBBY    player=dcf175f520f6 joined queue
[2026-06-11 20:59:16] INFO     MATCH    room=dda391170af0 p1=21f5ec35ce07 p2=dcf175f520f6
[2026-06-11 20:59:27] INFO     PLAY     room=dda391170af0 player=dcf175f520f6 cards=['JOKER'] claimed=ACE
[2026-06-11 20:59:38] INFO     LIAR     room=dda391170af0 caller=21f5ec35ce07 target=dcf175f520f6
[2026-06-11 20:59:38] INFO     REVEAL   room=dda391170af0 cards=['JOKER'] lying=False
[2026-06-11 20:59:43] INFO     ROULET   room=dda391170af0 player=21f5ec35ce07 result=SURVIVED pull=1
[2026-06-11 21:00:08] INFO     PLAY     room=dda391170af0 player=21f5ec35ce07 cards=['ACE'] claimed=ACE
[2026-06-11 21:00:23] INFO     LIAR     room=dda391170af0 caller=dcf175f520f6 target=21f5ec35ce07
[2026-06-11 21:00:23] INFO     REVEAL   room=dda391170af0 cards=['ACE'] lying=False
[2026-06-11 21:00:40] INFO     ROULET   room=dda391170af0 player=dcf175f520f6 result=SURVIVED pull=1
[2026-06-11 21:01:09] INFO     PLAY     room=dda391170af0 player=dcf175f520f6 cards=['QUEEN'] claimed=KING
[2026-06-11 21:01:26] INFO     LIAR     room=dda391170af0 caller=21f5ec35ce07 target=dcf175f520f6
[2026-06-11 21:01:26] INFO     REVEAL   room=dda391170af0 cards=['QUEEN'] lying=True
[2026-06-11 21:01:33] WARNING  INVALID  player=dcf175f520f6 reason=Not your turn to pull the trigger raw={"type":"ROULETTE_PULL"}
[2026-06-11 21:01:35] WARNING  INVALID  player=dcf175f520f6 reason=Not your turn to pull the trigger raw={"type":"ROULETTE_PULL"}
[2026-06-11 21:01:36] WARNING  INVALID  player=dcf175f520f6 reason=Not your turn to pull the trigger raw={"type":"ROULETTE_PULL"}
[2026-06-11 21:01:38] WARNING  INVALID  player=dcf175f520f6 reason=Not your turn to pull the trigger raw={"type":"ROULETTE_PULL"}
[2026-06-11 21:01:39] WARNING  INVALID  player=dcf175f520f6 reason=Not your turn to pull the trigger raw={"type":"ROULETTE_PULL"}
[2026-06-11 21:01:39] INFO     DISCONN  player=dcf175f520f6 reason=connection_lost
[2026-06-11 21:01:55] INFO     DISCONN  player=21f5ec35ce07 reason=connection_lost
[2026-06-11 21:02:29] INFO     Server shutting down...
[2026-06-11 21:02:29] INFO     Server stopped.
