[2026-06-13 06:32:36] INFO     ==================================================
[2026-06-13 06:32:36] INFO     Liar's Deck Server started on 0.0.0.0:12345
[2026-06-13 06:32:36] INFO     ==================================================
[2026-06-13 06:32:53] INFO     ACCEPT   addr=127.0.0.1:63394
[2026-06-13 06:32:53] INFO     CONNECT  player=ae5999fe3aa2 user=asu addr=127.0.0.1:63394
[2026-06-13 06:32:53] INFO     LOBBY    player=ae5999fe3aa2 joined queue
[2026-06-13 06:33:16] INFO     ACCEPT   addr=127.0.0.1:63395
[2026-06-13 06:33:16] INFO     CONNECT  player=1f35672ca320 user=p addr=127.0.0.1:63395
[2026-06-13 06:33:16] INFO     LOBBY    player=1f35672ca320 joined queue
[2026-06-13 06:33:27] INFO     MATCH    room=9d90eeb1ac8d players=['ae5999fe3aa2', '1f35672ca320'] (2 players)
[2026-06-13 06:33:43] INFO     PLAY     room=9d90eeb1ac8d player=ae5999fe3aa2 cards=['ACE'] claimed=KING
[2026-06-13 06:33:46] INFO     LIAR     room=9d90eeb1ac8d caller=1f35672ca320 target=ae5999fe3aa2
[2026-06-13 06:33:46] INFO     REVEAL   room=9d90eeb1ac8d player=ae5999fe3aa2 cards=['ACE'] lying=True
[2026-06-13 06:33:49] INFO     ROULET   room=9d90eeb1ac8d player=ae5999fe3aa2 result=SURVIVED pull=1
[2026-06-13 06:34:04] INFO     PLAY     room=9d90eeb1ac8d player=ae5999fe3aa2 cards=['JOKER'] claimed=ACE
[2026-06-13 06:34:07] INFO     LIAR     room=9d90eeb1ac8d caller=1f35672ca320 target=ae5999fe3aa2
[2026-06-13 06:34:07] INFO     REVEAL   room=9d90eeb1ac8d player=ae5999fe3aa2 cards=['JOKER'] lying=False
[2026-06-13 06:34:09] INFO     ROULET   room=9d90eeb1ac8d player=1f35672ca320 result=DEAD pull=1
[2026-06-13 06:34:09] INFO     GAMEOVER room=9d90eeb1ac8d winner=ae5999fe3aa2 loser=1f35672ca320
[2026-06-13 06:34:13] INFO     LOBBY    player=1f35672ca320 joined queue
[2026-06-13 06:34:15] INFO     LOBBY    player=ae5999fe3aa2 joined queue
[2026-06-13 06:34:26] INFO     MATCH    room=4dada57849c5 players=['1f35672ca320', 'ae5999fe3aa2'] (2 players)
[2026-06-13 06:34:54] INFO     PLAY     room=4dada57849c5 player=1f35672ca320 cards=['ACE', 'QUEEN', 'ACE'] claimed=KING
[2026-06-13 06:34:55] INFO     LIAR     room=4dada57849c5 caller=ae5999fe3aa2 target=1f35672ca320
[2026-06-13 06:34:55] INFO     REVEAL   room=4dada57849c5 player=1f35672ca320 cards=['ACE', 'QUEEN', 'ACE'] lying=True
[2026-06-13 06:34:57] INFO     ROULET   room=4dada57849c5 player=1f35672ca320 result=SURVIVED pull=1
[2026-06-13 06:35:04] INFO     PLAY     room=4dada57849c5 player=1f35672ca320 cards=['ACE', 'QUEEN', 'JOKER'] claimed=KING
[2026-06-13 06:35:06] INFO     LIAR     room=4dada57849c5 caller=ae5999fe3aa2 target=1f35672ca320
[2026-06-13 06:35:06] INFO     REVEAL   room=4dada57849c5 player=1f35672ca320 cards=['ACE', 'QUEEN', 'JOKER'] lying=True
[2026-06-13 06:35:08] INFO     ROULET   room=4dada57849c5 player=1f35672ca320 result=SURVIVED pull=2
[2026-06-13 06:35:16] INFO     PLAY     room=4dada57849c5 player=1f35672ca320 cards=['QUEEN'] claimed=QUEEN
[2026-06-13 06:35:20] INFO     LIAR     room=4dada57849c5 caller=ae5999fe3aa2 target=1f35672ca320
[2026-06-13 06:35:20] INFO     REVEAL   room=4dada57849c5 player=1f35672ca320 cards=['QUEEN'] lying=False
[2026-06-13 06:35:21] INFO     ROULET   room=4dada57849c5 player=ae5999fe3aa2 result=SURVIVED pull=1
[2026-06-13 06:35:34] INFO     PLAY     room=4dada57849c5 player=ae5999fe3aa2 cards=['ACE', 'QUEEN'] claimed=ACE
[2026-06-13 06:35:38] INFO     PLAY     room=4dada57849c5 player=1f35672ca320 cards=['QUEEN', 'JOKER', 'ACE'] claimed=ACE
[2026-06-13 06:35:43] INFO     PLAY     room=4dada57849c5 player=ae5999fe3aa2 cards=['KING', 'JOKER', 'KING'] claimed=ACE
[2026-06-13 06:35:57] INFO     LIAR     room=4dada57849c5 caller=1f35672ca320 target=ae5999fe3aa2
[2026-06-13 06:35:57] INFO     REVEAL   room=4dada57849c5 player=ae5999fe3aa2 cards=['KING', 'JOKER', 'KING'] lying=True
[2026-06-13 06:35:59] INFO     ROULET   room=4dada57849c5 player=ae5999fe3aa2 result=DEAD pull=2
[2026-06-13 06:35:59] INFO     GAMEOVER room=4dada57849c5 winner=1f35672ca320 loser=ae5999fe3aa2
[2026-06-13 06:36:14] INFO     DISCONN  player=ae5999fe3aa2 reason=connection_lost
[2026-06-13 06:36:15] INFO     DISCONN  player=1f35672ca320 reason=connection_lost
[2026-06-13 06:36:46] INFO     Server shutting down...
[2026-06-13 06:36:46] INFO     Server stopped.
