[2026-06-12 13:50:27] INFO     ==================================================
[2026-06-12 13:50:27] INFO     Liar's Deck Server started on 0.0.0.0:12345
[2026-06-12 13:50:27] INFO     ==================================================
[2026-06-12 13:50:33] INFO     ACCEPT   addr=127.0.0.1:65440
[2026-06-12 13:50:33] INFO     CONNECT  player=5e212dbf0192 user=p addr=127.0.0.1:65440
[2026-06-12 13:50:33] INFO     LOBBY    player=5e212dbf0192 joined queue
[2026-06-12 13:50:52] INFO     ACCEPT   addr=127.0.0.1:65441
[2026-06-12 13:50:52] INFO     CONNECT  player=0e340083a141 user=q addr=127.0.0.1:65441
[2026-06-12 13:50:52] INFO     LOBBY    player=0e340083a141 joined queue
[2026-06-12 13:50:59] INFO     ACCEPT   addr=127.0.0.1:65442
[2026-06-12 13:50:59] INFO     CONNECT  player=51e472dea917 user=r addr=127.0.0.1:65442
[2026-06-12 13:50:59] INFO     LOBBY    player=51e472dea917 joined queue
[2026-06-12 13:51:02] INFO     MATCH    room=88d13e6bd6f6 players=['5e212dbf0192', '0e340083a141', '51e472dea917'] (3 players)
[2026-06-12 13:51:19] INFO     PLAY     room=88d13e6bd6f6 player=51e472dea917 cards=['QUEEN'] claimed=KING
[2026-06-12 13:51:25] INFO     LIAR     room=88d13e6bd6f6 caller=5e212dbf0192 target=51e472dea917
[2026-06-12 13:51:25] INFO     REVEAL   room=88d13e6bd6f6 player=51e472dea917 cards=['QUEEN'] lying=True
[2026-06-12 13:51:27] INFO     ROULET   room=88d13e6bd6f6 player=51e472dea917 result=SURVIVED pull=1
[2026-06-12 13:51:32] INFO     PLAY     room=88d13e6bd6f6 player=51e472dea917 cards=['KING'] claimed=KING
[2026-06-12 13:51:34] INFO     LIAR     room=88d13e6bd6f6 caller=5e212dbf0192 target=51e472dea917
[2026-06-12 13:51:34] INFO     REVEAL   room=88d13e6bd6f6 player=51e472dea917 cards=['KING'] lying=False
[2026-06-12 13:51:36] INFO     ROULET   room=88d13e6bd6f6 player=5e212dbf0192 result=SURVIVED pull=1
[2026-06-12 13:51:41] INFO     PLAY     room=88d13e6bd6f6 player=5e212dbf0192 cards=['KING'] claimed=KING
[2026-06-12 13:51:47] INFO     LIAR     room=88d13e6bd6f6 caller=0e340083a141 target=5e212dbf0192
[2026-06-12 13:51:47] INFO     REVEAL   room=88d13e6bd6f6 player=5e212dbf0192 cards=['KING'] lying=False
[2026-06-12 13:51:49] INFO     ROULET   room=88d13e6bd6f6 player=0e340083a141 result=SURVIVED pull=1
[2026-06-12 13:51:52] INFO     PLAY     room=88d13e6bd6f6 player=0e340083a141 cards=['ACE', 'KING'] claimed=KING
[2026-06-12 13:51:55] INFO     LIAR     room=88d13e6bd6f6 caller=51e472dea917 target=0e340083a141
[2026-06-12 13:51:55] INFO     REVEAL   room=88d13e6bd6f6 player=0e340083a141 cards=['ACE', 'KING'] lying=True
[2026-06-12 13:51:59] INFO     ROULET   room=88d13e6bd6f6 player=0e340083a141 result=SURVIVED pull=2
[2026-06-12 13:52:01] INFO     PLAY     room=88d13e6bd6f6 player=0e340083a141 cards=['QUEEN'] claimed=KING
[2026-06-12 13:52:03] INFO     LIAR     room=88d13e6bd6f6 caller=51e472dea917 target=0e340083a141
[2026-06-12 13:52:03] INFO     REVEAL   room=88d13e6bd6f6 player=0e340083a141 cards=['QUEEN'] lying=True
[2026-06-12 13:52:05] INFO     ROULET   room=88d13e6bd6f6 player=0e340083a141 result=DEAD pull=3
[2026-06-12 13:52:05] INFO     GAMEOVER room=88d13e6bd6f6 winner=None loser=0e340083a141
[2026-06-12 13:52:16] INFO     DISCONN  player=5e212dbf0192 reason=connection_lost
[2026-06-12 13:52:18] INFO     DISCONN  player=51e472dea917 reason=connection_lost
[2026-06-12 13:52:21] INFO     DISCONN  player=0e340083a141 reason=connection_lost
[2026-06-12 13:52:48] INFO     Server shutting down...
[2026-06-12 13:52:48] INFO     Server stopped.
